\BOOKMARK [1][-]{section.1}{Introduction}{}% 1
\BOOKMARK [2][-]{subsection.1.1}{Related literature}{section.1}% 2
\BOOKMARK [1][-]{section.2}{Data, variables and density estimation}{}% 3
\BOOKMARK [2][-]{subsection.2.1}{Data}{section.2}% 4
\BOOKMARK [2][-]{subsection.2.2}{Density estimation and variables}{section.2}% 5
\BOOKMARK [1][-]{section.3}{Perceived income risks: basic facts}{}% 6
\BOOKMARK [2][-]{subsection.3.1}{Cross-sectional heterogeneity}{section.3}% 7
\BOOKMARK [2][-]{subsection.3.2}{Correlation with past labor market outcome}{section.3}% 8
\BOOKMARK [2][-]{subsection.3.3}{Experienced volatility and perceived risks}{section.3}% 9
\BOOKMARK [2][-]{subsection.3.4}{Role of individual characteristics}{section.3}% 10
\BOOKMARK [2][-]{subsection.3.5}{Perceived income risks and decisions \(in progress\)}{section.3}% 11
\BOOKMARK [1][-]{section.4}{Model}{}% 12
\BOOKMARK [2][-]{subsection.4.1}{Income process and a model of learning}{section.4}% 13
\BOOKMARK [3][-]{subsubsection.4.1.1}{A baseline model of experience-based learning}{subsection.4.1}% 14
\BOOKMARK [3][-]{subsubsection.4.1.2}{Attribution}{subsection.4.1}% 15
\BOOKMARK [3][-]{subsubsection.4.1.3}{Attribution errors}{subsection.4.1}% 16
\BOOKMARK [3][-]{subsubsection.4.1.4}{Extrapolative attribution}{subsection.4.1}% 17
\BOOKMARK [2][-]{subsection.4.2}{Simulation}{section.4}% 18
\BOOKMARK [3][-]{subsubsection.4.2.1}{Current income and perceived risks}{subsection.4.2}% 19
\BOOKMARK [3][-]{subsubsection.4.2.2}{Age and experience and perceived risks}{subsection.4.2}% 20
\BOOKMARK [3][-]{subsubsection.4.2.3}{Aggregate risk}{subsection.4.2}% 21
\BOOKMARK [1][-]{section.5}{Coclusion}{}% 22
\BOOKMARK [1][-]{section.6}{Appendix}{}% 23
